21/10/2020 02:22:42 PM INFO Opened Main Tab
21/10/2020 02:22:43 PM INFO Closed Main Tab
21/10/2020 02:23:10 PM INFO Opened Main Tab
21/10/2020 02:23:10 PM INFO Closed Main Tab
21/10/2020 02:23:46 PM INFO Opened Main Tab
21/10/2020 02:23:46 PM INFO Closed Main Tab
21/10/2020 02:24:46 PM INFO Opened Main Tab
21/10/2020 02:24:46 PM INFO Closed Main Tab
21/10/2020 02:24:57 PM INFO Opened Calculator Tab
21/10/2020 02:24:58 PM INFO Closed Calculator Tab
21/10/2020 02:25:03 PM INFO Opened Translator Tab
21/10/2020 02:25:04 PM INFO Closed Translator Tab
21/10/2020 02:25:06 PM INFO Opened Yt Downloader Tab
21/10/2020 02:25:08 PM INFO Closed YT Downloader Tab
21/10/2020 04:10:59 PM DEBUG App was Opened
21/10/2020 04:11:03 PM INFO Opened Main Window
21/10/2020 04:11:03 PM INFO Opened Main Tab
21/10/2020 04:11:04 PM INFO Closed Main Tab
21/10/2020 04:12:22 PM INFO Opened Translator Tab
21/10/2020 04:12:25 PM INFO Closed Translator Tab
21/10/2020 04:12:27 PM INFO Opened Yt Downloader Tab
21/10/2020 04:12:29 PM INFO Closed YT Downloader Tab
21/10/2020 04:13:46 PM DEBUG Exited the App
21/10/2020 04:17:03 PM DEBUG App was Opened
21/10/2020 04:17:06 PM INFO Opened Main Window
21/10/2020 04:17:07 PM INFO Opened Main Tab
21/10/2020 04:17:08 PM INFO Closed Main Tab
21/10/2020 04:17:14 PM INFO Opened Yt Downloader Tab
21/10/2020 04:17:17 PM INFO Closed YT Downloader Tab
21/10/2020 04:17:40 PM INFO Opened Main Tab
21/10/2020 04:17:40 PM INFO Closed Main Tab
21/10/2020 04:17:43 PM INFO Opened Calculator Tab
21/10/2020 04:17:44 PM INFO Closed Calculator Tab
21/10/2020 04:17:57 PM INFO Opened Translator Tab
21/10/2020 04:17:59 PM INFO Closed Translator Tab
21/10/2020 04:18:04 PM INFO Opened Yt Downloader Tab
21/10/2020 04:18:07 PM INFO Closed YT Downloader Tab
21/10/2020 04:18:13 PM INFO Opened Calculator Tab
21/10/2020 04:18:13 PM INFO Closed Calculator Tab
21/10/2020 04:18:21 PM INFO Opened Translator Tab
21/10/2020 04:18:24 PM INFO Closed Translator Tab
21/10/2020 04:18:28 PM INFO Opened Yt Downloader Tab
21/10/2020 04:18:31 PM INFO Closed YT Downloader Tab
21/10/2020 04:18:50 PM DEBUG Exited the App
